{"/mnt/c/Users/lmoto/OneDrive/Documents/GitHub/Silicon-Scraper/backend/scraper/main/scraper.js": {"path":"/mnt/c/Users/lmoto/OneDrive/Documents/GitHub/Silicon-Scraper/backend/scraper/main/scraper.js","statementMap":{"0":{"start":{"line":1,"column":16},"end":{"line":1,"column":34}},"1":{"start":{"line":2,"column":14},"end":{"line":2,"column":30}},"2":{"start":{"line":4,"column":10},"end":{"line":4,"column":40}},"3":{"start":{"line":5,"column":22},"end":{"line":5,"column":62}},"4":{"start":{"line":6,"column":15},"end":{"line":6,"column":17}},"5":{"start":{"line":12,"column":14},"end":{"line":15,"column":1}},"6":{"start":{"line":22,"column":20},"end":{"line":37,"column":1}},"7":{"start":{"line":23,"column":17},"end":{"line":23,"column":45}},"8":{"start":{"line":24,"column":14},"end":{"line":24,"column":43}},"9":{"start":{"line":26,"column":12},"end":{"line":26,"column":13}},"10":{"start":{"line":27,"column":4},"end":{"line":33,"column":6}},"11":{"start":{"line":28,"column":8},"end":{"line":32,"column":10}},"12":{"start":{"line":30,"column":12},"end":{"line":30,"column":39}},"13":{"start":{"line":35,"column":3},"end":{"line":35,"column":19}},"14":{"start":{"line":45,"column":22},"end":{"line":56,"column":1}},"15":{"start":{"line":46,"column":16},"end":{"line":46,"column":96}},"16":{"start":{"line":47,"column":4},"end":{"line":55,"column":6}},"17":{"start":{"line":63,"column":18},"end":{"line":69,"column":1}},"18":{"start":{"line":65,"column":15},"end":{"line":65,"column":37}},"19":{"start":{"line":66,"column":4},"end":{"line":66,"column":37}},"20":{"start":{"line":67,"column":4},"end":{"line":67,"column":16}},"21":{"start":{"line":76,"column":19},"end":{"line":78,"column":1}},"22":{"start":{"line":77,"column":4},"end":{"line":77,"column":75}},"23":{"start":{"line":85,"column":20},"end":{"line":101,"column":1}},"24":{"start":{"line":86,"column":24},"end":{"line":86,"column":40}},"25":{"start":{"line":87,"column":16},"end":{"line":87,"column":18}},"26":{"start":{"line":88,"column":4},"end":{"line":95,"column":5}},"27":{"start":{"line":88,"column":17},"end":{"line":88,"column":18}},"28":{"start":{"line":89,"column":8},"end":{"line":93,"column":9}},"29":{"start":{"line":90,"column":12},"end":{"line":90,"column":36}},"30":{"start":{"line":92,"column":12},"end":{"line":92,"column":46}},"31":{"start":{"line":96,"column":27},"end":{"line":99,"column":5}},"32":{"start":{"line":100,"column":4},"end":{"line":100,"column":27}},"33":{"start":{"line":107,"column":0},"end":{"line":112,"column":1}},"34":{"start":{"line":108,"column":4},"end":{"line":110,"column":5}},"35":{"start":{"line":108,"column":16},"end":{"line":108,"column":17}},"36":{"start":{"line":109,"column":8},"end":{"line":109,"column":38}},"37":{"start":{"line":111,"column":4},"end":{"line":111,"column":20}}},"fnMap":{"0":{"name":"(anonymous_0)","decl":{"start":{"line":22,"column":20},"end":{"line":22,"column":21}},"loc":{"start":{"line":22,"column":42},"end":{"line":37,"column":1}},"line":22},"1":{"name":"(anonymous_1)","decl":{"start":{"line":27,"column":97},"end":{"line":27,"column":98}},"loc":{"start":{"line":27,"column":109},"end":{"line":33,"column":5}},"line":27},"2":{"name":"(anonymous_2)","decl":{"start":{"line":28,"column":20},"end":{"line":28,"column":21}},"loc":{"start":{"line":28,"column":30},"end":{"line":32,"column":9}},"line":28},"3":{"name":"(anonymous_3)","decl":{"start":{"line":45,"column":22},"end":{"line":45,"column":23}},"loc":{"start":{"line":45,"column":41},"end":{"line":56,"column":1}},"line":45},"4":{"name":"(anonymous_4)","decl":{"start":{"line":63,"column":18},"end":{"line":63,"column":19}},"loc":{"start":{"line":63,"column":29},"end":{"line":69,"column":1}},"line":63},"5":{"name":"(anonymous_5)","decl":{"start":{"line":76,"column":19},"end":{"line":76,"column":20}},"loc":{"start":{"line":76,"column":29},"end":{"line":78,"column":1}},"line":76},"6":{"name":"(anonymous_6)","decl":{"start":{"line":85,"column":20},"end":{"line":85,"column":21}},"loc":{"start":{"line":85,"column":30},"end":{"line":101,"column":1}},"line":85},"7":{"name":"(anonymous_7)","decl":{"start":{"line":107,"column":24},"end":{"line":107,"column":25}},"loc":{"start":{"line":107,"column":36},"end":{"line":112,"column":1}},"line":107}},"branchMap":{"0":{"loc":{"start":{"line":89,"column":8},"end":{"line":93,"column":9}},"type":"if","locations":[{"start":{"line":89,"column":8},"end":{"line":93,"column":9}},{"start":{"line":89,"column":8},"end":{"line":93,"column":9}}],"line":89}},"s":{"0":1,"1":1,"2":1,"3":1,"4":1,"5":1,"6":1,"7":2,"8":2,"9":2,"10":2,"11":0,"12":0,"13":2,"14":1,"15":0,"16":0,"17":1,"18":0,"19":0,"20":0,"21":1,"22":0,"23":1,"24":0,"25":0,"26":0,"27":0,"28":0,"29":0,"30":0,"31":0,"32":0,"33":1,"34":1,"35":1,"36":2,"37":1},"f":{"0":2,"1":0,"2":0,"3":0,"4":0,"5":0,"6":0,"7":1},"b":{"0":[0,0]},"_coverageSchema":"1a1c01bbd47fc00a2c39e90264f33305004495a9","hash":"afd49dc83394a8d9ec5f37933f1de5436ad60efa"}
,"/mnt/c/Users/lmoto/OneDrive/Documents/GitHub/Silicon-Scraper/backend/scraper/utilities/EvetechSelectors.js": {"path":"/mnt/c/Users/lmoto/OneDrive/Documents/GitHub/Silicon-Scraper/backend/scraper/utilities/EvetechSelectors.js","statementMap":{"0":{"start":{"line":3,"column":26},"end":{"line":6,"column":1}},"1":{"start":{"line":4,"column":19},"end":{"line":4,"column":86}},"2":{"start":{"line":5,"column":4},"end":{"line":5,"column":40}},"3":{"start":{"line":8,"column":25},"end":{"line":8,"column":103}},"4":{"start":{"line":8,"column":32},"end":{"line":8,"column":102}},"5":{"start":{"line":10,"column":23},"end":{"line":10,"column":48}},"6":{"start":{"line":10,"column":30},"end":{"line":10,"column":47}},"7":{"start":{"line":12,"column":25},"end":{"line":15,"column":1}},"8":{"start":{"line":13,"column":17},"end":{"line":13,"column":84}},"9":{"start":{"line":14,"column":4},"end":{"line":14,"column":44}},"10":{"start":{"line":17,"column":26},"end":{"line":17,"column":49}},"11":{"start":{"line":17,"column":33},"end":{"line":17,"column":48}},"12":{"start":{"line":19,"column":33},"end":{"line":22,"column":1}},"13":{"start":{"line":20,"column":25},"end":{"line":20,"column":92}},"14":{"start":{"line":21,"column":4},"end":{"line":21,"column":47}},"15":{"start":{"line":24,"column":26},"end":{"line":27,"column":1}},"16":{"start":{"line":25,"column":21},"end":{"line":25,"column":88}},"17":{"start":{"line":26,"column":4},"end":{"line":26,"column":42}},"18":{"start":{"line":29,"column":13},"end":{"line":31,"column":1}},"19":{"start":{"line":30,"column":4},"end":{"line":30,"column":34}},"20":{"start":{"line":33,"column":0},"end":{"line":41,"column":1}}},"fnMap":{"0":{"name":"(anonymous_0)","decl":{"start":{"line":3,"column":26},"end":{"line":3,"column":27}},"loc":{"start":{"line":3,"column":37},"end":{"line":6,"column":1}},"line":3},"1":{"name":"(anonymous_1)","decl":{"start":{"line":8,"column":25},"end":{"line":8,"column":26}},"loc":{"start":{"line":8,"column":31},"end":{"line":8,"column":103}},"line":8},"2":{"name":"(anonymous_2)","decl":{"start":{"line":10,"column":23},"end":{"line":10,"column":24}},"loc":{"start":{"line":10,"column":29},"end":{"line":10,"column":48}},"line":10},"3":{"name":"(anonymous_3)","decl":{"start":{"line":12,"column":25},"end":{"line":12,"column":26}},"loc":{"start":{"line":12,"column":36},"end":{"line":15,"column":1}},"line":12},"4":{"name":"(anonymous_4)","decl":{"start":{"line":17,"column":26},"end":{"line":17,"column":27}},"loc":{"start":{"line":17,"column":32},"end":{"line":17,"column":49}},"line":17},"5":{"name":"(anonymous_5)","decl":{"start":{"line":19,"column":33},"end":{"line":19,"column":34}},"loc":{"start":{"line":19,"column":44},"end":{"line":22,"column":1}},"line":19},"6":{"name":"(anonymous_6)","decl":{"start":{"line":24,"column":26},"end":{"line":24,"column":27}},"loc":{"start":{"line":24,"column":37},"end":{"line":27,"column":1}},"line":24},"7":{"name":"(anonymous_7)","decl":{"start":{"line":29,"column":13},"end":{"line":29,"column":14}},"loc":{"start":{"line":29,"column":22},"end":{"line":31,"column":1}},"line":29}},"branchMap":{"0":{"loc":{"start":{"line":30,"column":12},"end":{"line":30,"column":26}},"type":"cond-expr","locations":[{"start":{"line":30,"column":20},"end":{"line":30,"column":23}},{"start":{"line":30,"column":24},"end":{"line":30,"column":26}}],"line":30}},"s":{"0":1,"1":1,"2":1,"3":1,"4":0,"5":1,"6":0,"7":1,"8":1,"9":1,"10":1,"11":0,"12":1,"13":1,"14":1,"15":1,"16":1,"17":1,"18":1,"19":4,"20":1},"f":{"0":1,"1":0,"2":0,"3":1,"4":0,"5":1,"6":1,"7":4},"b":{"0":[4,0]},"_coverageSchema":"1a1c01bbd47fc00a2c39e90264f33305004495a9","hash":"a057e00df924a17e136ece8798b13f490f7d439c"}
,"/mnt/c/Users/lmoto/OneDrive/Documents/GitHub/Silicon-Scraper/backend/scraper/utilities/url.js": {"path":"/mnt/c/Users/lmoto/OneDrive/Documents/GitHub/Silicon-Scraper/backend/scraper/utilities/url.js","statementMap":{"0":{"start":{"line":2,"column":0},"end":{"line":4,"column":1}},"1":{"start":{"line":3,"column":4},"end":{"line":3,"column":84}},"2":{"start":{"line":6,"column":0},"end":{"line":8,"column":1}},"3":{"start":{"line":7,"column":4},"end":{"line":7,"column":40}},"4":{"start":{"line":10,"column":0},"end":{"line":12,"column":1}},"5":{"start":{"line":11,"column":4},"end":{"line":11,"column":85}},"6":{"start":{"line":14,"column":1},"end":{"line":16,"column":1}},"7":{"start":{"line":15,"column":4},"end":{"line":15,"column":84}},"8":{"start":{"line":18,"column":0},"end":{"line":20,"column":1}},"9":{"start":{"line":19,"column":4},"end":{"line":19,"column":39}}},"fnMap":{"0":{"name":"(anonymous_0)","decl":{"start":{"line":2,"column":33},"end":{"line":2,"column":34}},"loc":{"start":{"line":2,"column":39},"end":{"line":4,"column":1}},"line":2},"1":{"name":"(anonymous_1)","decl":{"start":{"line":6,"column":31},"end":{"line":6,"column":32}},"loc":{"start":{"line":6,"column":37},"end":{"line":8,"column":1}},"line":6},"2":{"name":"(anonymous_2)","decl":{"start":{"line":10,"column":33},"end":{"line":10,"column":34}},"loc":{"start":{"line":10,"column":39},"end":{"line":12,"column":1}},"line":10},"3":{"name":"(anonymous_3)","decl":{"start":{"line":14,"column":36},"end":{"line":14,"column":37}},"loc":{"start":{"line":14,"column":41},"end":{"line":16,"column":1}},"line":14},"4":{"name":"(anonymous_4)","decl":{"start":{"line":18,"column":37},"end":{"line":18,"column":38}},"loc":{"start":{"line":18,"column":42},"end":{"line":20,"column":1}},"line":18}},"branchMap":{},"s":{"0":2,"1":2,"2":2,"3":1,"4":2,"5":2,"6":2,"7":1,"8":2,"9":1},"f":{"0":2,"1":1,"2":2,"3":1,"4":1},"b":{},"_coverageSchema":"1a1c01bbd47fc00a2c39e90264f33305004495a9","hash":"109f68a702359ecc25e416af4ab4151cbd2198d0"}
}
